{"D:\\Users\\zeven\\Desktop\\Github Repos\\CSE 110\\Lab8\\Part1-Jest\\assets\\scripts\\main.js": {"path":"D:\\Users\\zeven\\Desktop\\Github Repos\\CSE 110\\Lab8\\Part1-Jest\\assets\\scripts\\main.js","statementMap":{"0":{"start":{"line":3,"column":0},"end":{"line":50,"column":2}},"1":{"start":{"line":4,"column":13},"end":{"line":4,"column":55}},"2":{"start":{"line":5,"column":15},"end":{"line":5,"column":55}},"3":{"start":{"line":6,"column":17},"end":{"line":6,"column":57}},"4":{"start":{"line":7,"column":16},"end":{"line":7,"column":57}},"5":{"start":{"line":8,"column":16},"end":{"line":8,"column":57}},"6":{"start":{"line":9,"column":18},"end":{"line":9,"column":55}},"7":{"start":{"line":10,"column":19},"end":{"line":10,"column":57}},"8":{"start":{"line":11,"column":16},"end":{"line":11,"column":51}},"9":{"start":{"line":12,"column":2},"end":{"line":22,"column":5}},"10":{"start":{"line":13,"column":4},"end":{"line":13,"column":34}},"11":{"start":{"line":14,"column":4},"end":{"line":14,"column":42}},"12":{"start":{"line":15,"column":4},"end":{"line":15,"column":23}},"13":{"start":{"line":17,"column":4},"end":{"line":21,"column":5}},"14":{"start":{"line":18,"column":6},"end":{"line":18,"column":45}},"15":{"start":{"line":20,"column":6},"end":{"line":20,"column":42}},"16":{"start":{"line":24,"column":2},"end":{"line":34,"column":5}},"17":{"start":{"line":25,"column":4},"end":{"line":25,"column":34}},"18":{"start":{"line":26,"column":4},"end":{"line":26,"column":42}},"19":{"start":{"line":27,"column":4},"end":{"line":27,"column":23}},"20":{"start":{"line":29,"column":4},"end":{"line":33,"column":5}},"21":{"start":{"line":30,"column":6},"end":{"line":30,"column":45}},"22":{"start":{"line":32,"column":6},"end":{"line":32,"column":42}},"23":{"start":{"line":36,"column":2},"end":{"line":39,"column":5}},"24":{"start":{"line":37,"column":4},"end":{"line":37,"column":58}},"25":{"start":{"line":38,"column":4},"end":{"line":38,"column":56}},"26":{"start":{"line":41,"column":2},"end":{"line":44,"column":5}},"27":{"start":{"line":42,"column":4},"end":{"line":42,"column":53}},"28":{"start":{"line":43,"column":4},"end":{"line":43,"column":56}},"29":{"start":{"line":46,"column":2},"end":{"line":49,"column":5}},"30":{"start":{"line":47,"column":4},"end":{"line":47,"column":23}},"31":{"start":{"line":48,"column":4},"end":{"line":48,"column":21}},"32":{"start":{"line":53,"column":15},"end":{"line":53,"column":55}},"33":{"start":{"line":54,"column":19},"end":{"line":54,"column":58}},"34":{"start":{"line":55,"column":2},"end":{"line":55,"column":54}},"35":{"start":{"line":59,"column":2},"end":{"line":67,"column":3}},"36":{"start":{"line":60,"column":4},"end":{"line":60,"column":20}},"37":{"start":{"line":61,"column":9},"end":{"line":67,"column":3}},"38":{"start":{"line":62,"column":4},"end":{"line":62,"column":20}},"39":{"start":{"line":63,"column":9},"end":{"line":67,"column":3}},"40":{"start":{"line":64,"column":4},"end":{"line":64,"column":20}},"41":{"start":{"line":66,"column":4},"end":{"line":66,"column":20}},"42":{"start":{"line":68,"column":2},"end":{"line":68,"column":61}},"43":{"start":{"line":71,"column":0},"end":{"line":71,"column":38}}},"fnMap":{"0":{"name":"(anonymous_0)","decl":{"start":{"line":3,"column":44},"end":{"line":3,"column":45}},"loc":{"start":{"line":3,"column":50},"end":{"line":50,"column":1}},"line":3},"1":{"name":"(anonymous_1)","decl":{"start":{"line":12,"column":35},"end":{"line":12,"column":36}},"loc":{"start":{"line":12,"column":41},"end":{"line":22,"column":3}},"line":12},"2":{"name":"(anonymous_2)","decl":{"start":{"line":24,"column":37},"end":{"line":24,"column":38}},"loc":{"start":{"line":24,"column":43},"end":{"line":34,"column":3}},"line":24},"3":{"name":"(anonymous_3)","decl":{"start":{"line":36,"column":37},"end":{"line":36,"column":38}},"loc":{"start":{"line":36,"column":43},"end":{"line":39,"column":3}},"line":36},"4":{"name":"(anonymous_4)","decl":{"start":{"line":41,"column":37},"end":{"line":41,"column":38}},"loc":{"start":{"line":41,"column":43},"end":{"line":44,"column":3}},"line":41},"5":{"name":"(anonymous_5)","decl":{"start":{"line":46,"column":34},"end":{"line":46,"column":35}},"loc":{"start":{"line":46,"column":41},"end":{"line":49,"column":3}},"line":46},"6":{"name":"updateVolumeIcon","decl":{"start":{"line":52,"column":9},"end":{"line":52,"column":25}},"loc":{"start":{"line":52,"column":28},"end":{"line":56,"column":1}},"line":52},"7":{"name":"formatVolumeIconPath","decl":{"start":{"line":58,"column":9},"end":{"line":58,"column":29}},"loc":{"start":{"line":58,"column":43},"end":{"line":69,"column":1}},"line":58}},"branchMap":{"0":{"loc":{"start":{"line":17,"column":4},"end":{"line":21,"column":5}},"type":"if","locations":[{"start":{"line":17,"column":4},"end":{"line":21,"column":5}},{"start":{"line":17,"column":4},"end":{"line":21,"column":5}}],"line":17},"1":{"loc":{"start":{"line":29,"column":4},"end":{"line":33,"column":5}},"type":"if","locations":[{"start":{"line":29,"column":4},"end":{"line":33,"column":5}},{"start":{"line":29,"column":4},"end":{"line":33,"column":5}}],"line":29},"2":{"loc":{"start":{"line":59,"column":2},"end":{"line":67,"column":3}},"type":"if","locations":[{"start":{"line":59,"column":2},"end":{"line":67,"column":3}},{"start":{"line":59,"column":2},"end":{"line":67,"column":3}}],"line":59},"3":{"loc":{"start":{"line":61,"column":9},"end":{"line":67,"column":3}},"type":"if","locations":[{"start":{"line":61,"column":9},"end":{"line":67,"column":3}},{"start":{"line":61,"column":9},"end":{"line":67,"column":3}}],"line":61},"4":{"loc":{"start":{"line":63,"column":9},"end":{"line":67,"column":3}},"type":"if","locations":[{"start":{"line":63,"column":9},"end":{"line":67,"column":3}},{"start":{"line":63,"column":9},"end":{"line":67,"column":3}}],"line":63}},"s":{"0":1,"1":0,"2":0,"3":0,"4":0,"5":0,"6":0,"7":0,"8":0,"9":0,"10":0,"11":0,"12":0,"13":0,"14":0,"15":0,"16":0,"17":0,"18":0,"19":0,"20":0,"21":0,"22":0,"23":0,"24":0,"25":0,"26":0,"27":0,"28":0,"29":0,"30":0,"31":0,"32":0,"33":0,"34":0,"35":4,"36":1,"37":3,"38":1,"39":2,"40":1,"41":1,"42":4,"43":1},"f":{"0":0,"1":0,"2":0,"3":0,"4":0,"5":0,"6":0,"7":4},"b":{"0":[0,0],"1":[0,0],"2":[1,3],"3":[1,2],"4":[1,1]},"_coverageSchema":"1a1c01bbd47fc00a2c39e90264f33305004495a9","hash":"a448aee39326567155a8dd49d7f3bee8a2d3457b"}
,"D:\\Users\\zeven\\Desktop\\Github Repos\\CSE 110\\Lab8\\Part1-Jest\\assets\\scripts\\sum.js": {"path":"D:\\Users\\zeven\\Desktop\\Github Repos\\CSE 110\\Lab8\\Part1-Jest\\assets\\scripts\\sum.js","statementMap":{"0":{"start":{"line":2,"column":4},"end":{"line":2,"column":17}},"1":{"start":{"line":5,"column":0},"end":{"line":5,"column":21}}},"fnMap":{"0":{"name":"sum","decl":{"start":{"line":1,"column":9},"end":{"line":1,"column":12}},"loc":{"start":{"line":1,"column":19},"end":{"line":3,"column":1}},"line":1}},"branchMap":{},"s":{"0":1,"1":1},"f":{"0":1},"b":{},"_coverageSchema":"1a1c01bbd47fc00a2c39e90264f33305004495a9","hash":"6f9d8e339e14342084fe900dd9a294e4707a4127"}
}
