TN:
SF:assets\scripts\main.js
FN:3,(anonymous_0)
FN:12,(anonymous_1)
FN:24,(anonymous_2)
FN:36,(anonymous_3)
FN:41,(anonymous_4)
FN:46,(anonymous_5)
FN:52,updateVolumeIcon
FN:58,formatVolumeIconPath
FNF:8
FNH:1
FNDA:0,(anonymous_0)
FNDA:0,(anonymous_1)
FNDA:0,(anonymous_2)
FNDA:0,(anonymous_3)
FNDA:0,(anonymous_4)
FNDA:0,(anonymous_5)
FNDA:0,updateVolumeIcon
FNDA:4,formatVolumeIconPath
DA:3,1
DA:4,0
DA:5,0
DA:6,0
DA:7,0
DA:8,0
DA:9,0
DA:10,0
DA:11,0
DA:12,0
DA:13,0
DA:14,0
DA:15,0
DA:17,0
DA:18,0
DA:20,0
DA:24,0
DA:25,0
DA:26,0
DA:27,0
DA:29,0
DA:30,0
DA:32,0
DA:36,0
DA:37,0
DA:38,0
DA:41,0
DA:42,0
DA:43,0
DA:46,0
DA:47,0
DA:48,0
DA:53,0
DA:54,0
DA:55,0
DA:59,4
DA:60,1
DA:61,3
DA:62,1
DA:63,2
DA:64,1
DA:66,1
DA:68,4
DA:71,1
LF:44
LH:10
BRDA:17,0,0,0
BRDA:17,0,1,0
BRDA:29,1,0,0
BRDA:29,1,1,0
BRDA:59,2,0,1
BRDA:59,2,1,3
BRDA:61,3,0,1
BRDA:61,3,1,2
BRDA:63,4,0,1
BRDA:63,4,1,1
BRF:10
BRH:6
end_of_record
TN:
SF:assets\scripts\sum.js
FN:1,sum
FNF:1
FNH:1
FNDA:1,sum
DA:2,1
DA:5,1
LF:2
LH:2
BRF:0
BRH:0
end_of_record
